[16-Jul-2024 06:18:38 UTC] PHP Deprecated:  Creation of dynamic property WC_sslcommerz::$medthod_title is deprecated in E:\phpserver\htdocs\ecommerce\wp-content\plugins\wc-sslcommerz-easycheckout\lib\sslcommerz-class.php on line 9
[16-Jul-2024 06:18:38 UTC] PHP Deprecated:  Creation of dynamic property WC_sslcommerz::$store_id is deprecated in E:\phpserver\htdocs\ecommerce\wp-content\plugins\wc-sslcommerz-easycheckout\lib\sslcommerz-class.php on line 17
[16-Jul-2024 06:18:38 UTC] PHP Deprecated:  Creation of dynamic property WC_sslcommerz::$store_password is deprecated in E:\phpserver\htdocs\ecommerce\wp-content\plugins\wc-sslcommerz-easycheckout\lib\sslcommerz-class.php on line 19
[16-Jul-2024 06:18:38 UTC] PHP Deprecated:  Creation of dynamic property WC_sslcommerz::$testmode is deprecated in E:\phpserver\htdocs\ecommerce\wp-content\plugins\wc-sslcommerz-easycheckout\lib\sslcommerz-class.php on line 20
[16-Jul-2024 06:18:38 UTC] PHP Deprecated:  Creation of dynamic property WC_sslcommerz::$testurl is deprecated in E:\phpserver\htdocs\ecommerce\wp-content\plugins\wc-sslcommerz-easycheckout\lib\sslcommerz-class.php on line 21
[16-Jul-2024 06:18:38 UTC] PHP Deprecated:  Creation of dynamic property WC_sslcommerz::$liveurl is deprecated in E:\phpserver\htdocs\ecommerce\wp-content\plugins\wc-sslcommerz-easycheckout\lib\sslcommerz-class.php on line 22
[16-Jul-2024 06:18:38 UTC] PHP Deprecated:  Creation of dynamic property WC_sslcommerz::$redirect_page_id is deprecated in E:\phpserver\htdocs\ecommerce\wp-content\plugins\wc-sslcommerz-easycheckout\lib\sslcommerz-class.php on line 23
[16-Jul-2024 06:18:38 UTC] PHP Deprecated:  Creation of dynamic property WC_sslcommerz::$fail_page_id is deprecated in E:\phpserver\htdocs\ecommerce\wp-content\plugins\wc-sslcommerz-easycheckout\lib\sslcommerz-class.php on line 24
[16-Jul-2024 06:18:38 UTC] PHP Deprecated:  Creation of dynamic property WC_sslcommerz::$msg is deprecated in E:\phpserver\htdocs\ecommerce\wp-content\plugins\wc-sslcommerz-easycheckout\lib\sslcommerz-class.php on line 26
[16-Jul-2024 06:18:39 UTC] PHP Deprecated:  Creation of dynamic property WC_sslcommerz::$medthod_title is deprecated in E:\phpserver\htdocs\ecommerce\wp-content\plugins\wc-sslcommerz-easycheckout\lib\sslcommerz-class.php on line 9
[16-Jul-2024 06:18:39 UTC] PHP Deprecated:  Creation of dynamic property WC_sslcommerz::$store_id is deprecated in E:\phpserver\htdocs\ecommerce\wp-content\plugins\wc-sslcommerz-easycheckout\lib\sslcommerz-class.php on line 17
[16-Jul-2024 06:18:39 UTC] PHP Deprecated:  Creation of dynamic property WC_sslcommerz::$store_password is deprecated in E:\phpserver\htdocs\ecommerce\wp-content\plugins\wc-sslcommerz-easycheckout\lib\sslcommerz-class.php on line 19
[16-Jul-2024 06:18:39 UTC] PHP Deprecated:  Creation of dynamic property WC_sslcommerz::$testmode is deprecated in E:\phpserver\htdocs\ecommerce\wp-content\plugins\wc-sslcommerz-easycheckout\lib\sslcommerz-class.php on line 20
[16-Jul-2024 06:18:39 UTC] PHP Deprecated:  Creation of dynamic property WC_sslcommerz::$testurl is deprecated in E:\phpserver\htdocs\ecommerce\wp-content\plugins\wc-sslcommerz-easycheckout\lib\sslcommerz-class.php on line 21
[16-Jul-2024 06:18:39 UTC] PHP Deprecated:  Creation of dynamic property WC_sslcommerz::$liveurl is deprecated in E:\phpserver\htdocs\ecommerce\wp-content\plugins\wc-sslcommerz-easycheckout\lib\sslcommerz-class.php on line 22
[16-Jul-2024 06:18:39 UTC] PHP Deprecated:  Creation of dynamic property WC_sslcommerz::$redirect_page_id is deprecated in E:\phpserver\htdocs\ecommerce\wp-content\plugins\wc-sslcommerz-easycheckout\lib\sslcommerz-class.php on line 23
[16-Jul-2024 06:18:39 UTC] PHP Deprecated:  Creation of dynamic property WC_sslcommerz::$fail_page_id is deprecated in E:\phpserver\htdocs\ecommerce\wp-content\plugins\wc-sslcommerz-easycheckout\lib\sslcommerz-class.php on line 24
[16-Jul-2024 06:18:39 UTC] PHP Deprecated:  Creation of dynamic property WC_sslcommerz::$msg is deprecated in E:\phpserver\htdocs\ecommerce\wp-content\plugins\wc-sslcommerz-easycheckout\lib\sslcommerz-class.php on line 26
[16-Jul-2024 06:18:40 UTC] PHP Fatal error:  Uncaught Error: Class "SSLCommerz" not found in E:\phpserver\htdocs\ecommerce\wp-content\themes\twentytwentyfour\functions.php:566
Stack trace:
#0 E:\phpserver\htdocs\ecommerce\wp-includes\rest-api\class-wp-rest-server.php(1230): handle_order_placement(Object(WP_REST_Request))
#1 E:\phpserver\htdocs\ecommerce\wp-includes\rest-api\class-wp-rest-server.php(1063): WP_REST_Server->respond_to_request(Object(WP_REST_Request), '/custom/v1/plac...', Array, NULL)
#2 E:\phpserver\htdocs\ecommerce\wp-includes\rest-api\class-wp-rest-server.php(439): WP_REST_Server->dispatch(Object(WP_REST_Request))
#3 E:\phpserver\htdocs\ecommerce\wp-includes\rest-api.php(428): WP_REST_Server->serve_request('/custom/v1/plac...')
#4 E:\phpserver\htdocs\ecommerce\wp-includes\class-wp-hook.php(324): rest_api_loaded(Object(WP))
#5 E:\phpserver\htdocs\ecommerce\wp-includes\class-wp-hook.php(348): WP_Hook->apply_filters(NULL, Array)
#6 E:\phpserver\htdocs\ecommerce\wp-includes\plugin.php(565): WP_Hook->do_action(Array)
#7 E:\phpserver\htdocs\ecommerce\wp-includes\class-wp.php(418): do_action_ref_array('parse_request', Array)
#8 E:\phpserver\htdocs\ecommerce\wp-includes\class-wp.php(813): WP->parse_request('')
#9 E:\phpserver\htdocs\ecommerce\wp-includes\functions.php(1336): WP->main('')
#10 E:\phpserver\htdocs\ecommerce\wp-blog-header.php(16): wp()
#11 E:\phpserver\htdocs\ecommerce\index.php(17): require('E:\\phpserver\\ht...')
#12 {main}
  thrown in E:\phpserver\htdocs\ecommerce\wp-content\themes\twentytwentyfour\functions.php on line 566
